<?xml version="1.0" encoding="utf-8"?>
<TestRun id="ada43cd1-2c22-4345-975d-4db6de170ddd" name="mindc1july72@MC1JUNB2157 2022-09-13 11:41:20" runUser="IIHT\mindc1july72" xmlns="http://microsoft.com/schemas/VisualStudio/TeamTest/2010">
  <Times creation="2022-09-13T11:41:20.6360344+05:30" queuing="2022-09-13T11:41:20.6360344+05:30" start="2022-09-13T11:41:19.2160420+05:30" finish="2022-09-13T11:41:20.6677862+05:30" />
  <TestSettings name="default" id="ad7e1a41-6dbc-4e4f-81b1-f0d4db7d9b85">
    <Deployment runDeploymentRoot="mindc1july72_MC1JUNB2157_2022-09-13_11_41_20" />
  </TestSettings>
  <Results>
    <UnitTestResult executionId="63d098a7-16bb-4ff3-8a66-14fd6d53ed15" testId="5bfc7a34-6c29-7276-60a3-9fd98fb6eb3c" testName="GetAll_ReturnsAllDonars" computerName="MC1JUNB2157" duration="00:00:00.1146152" startTime="2022-09-13T11:41:20.2328518+05:30" endTime="2022-09-13T11:41:20.3861919+05:30" testType="13cdc9d9-ddb5-4fa4-a97d-d965ccfc6d4b" outcome="Passed" testListId="8c84fa94-04c1-424b-9868-57a2d4851a1d" relativeResultsDirectory="63d098a7-16bb-4ff3-8a66-14fd6d53ed15" />
    <UnitTestResult executionId="3ebc3da9-af96-4780-a8ac-48bf613246e5" testId="00083a70-3401-907c-b22f-61b1b57f91b7" testName="TestPostMethodReturn200Status" computerName="MC1JUNB2157" duration="00:00:00.0027805" startTime="2022-09-13T11:41:20.3973998+05:30" endTime="2022-09-13T11:41:20.4005386+05:30" testType="13cdc9d9-ddb5-4fa4-a97d-d965ccfc6d4b" outcome="Passed" testListId="8c84fa94-04c1-424b-9868-57a2d4851a1d" relativeResultsDirectory="3ebc3da9-af96-4780-a8ac-48bf613246e5" />
  </Results>
  <TestDefinitions>
    <UnitTest name="TestPostMethodReturn200Status" storage="c:\users\mindc1july72\desktop\hareet.kumar@mindtree.com\casestudy3_fooddonationmanagement\casestudy3_fooddonar.tests\bin\debug\netcoreapp3.1\casestudy3_fooddonar.tests.dll" id="00083a70-3401-907c-b22f-61b1b57f91b7">
      <Execution id="3ebc3da9-af96-4780-a8ac-48bf613246e5" />
      <TestMethod codeBase="C:\Users\mindc1july72\Desktop\hareet.kumar@mindtree.com\CaseStudy3_FoodDonationManagement\CaseStudy3_FoodDonar.Tests\bin\Debug\netcoreapp3.1\CaseStudy3_FoodDonar.Tests.dll" adapterTypeName="executor://mstestadapter/v2" className="CaseStudy3_FoodDonar.Tests.FoodDonarControllerTests" name="TestPostMethodReturn200Status" />
    </UnitTest>
    <UnitTest name="GetAll_ReturnsAllDonars" storage="c:\users\mindc1july72\desktop\hareet.kumar@mindtree.com\casestudy3_fooddonationmanagement\casestudy3_fooddonar.tests\bin\debug\netcoreapp3.1\casestudy3_fooddonar.tests.dll" id="5bfc7a34-6c29-7276-60a3-9fd98fb6eb3c">
      <Execution id="63d098a7-16bb-4ff3-8a66-14fd6d53ed15" />
      <TestMethod codeBase="C:\Users\mindc1july72\Desktop\hareet.kumar@mindtree.com\CaseStudy3_FoodDonationManagement\CaseStudy3_FoodDonar.Tests\bin\Debug\netcoreapp3.1\CaseStudy3_FoodDonar.Tests.dll" adapterTypeName="executor://mstestadapter/v2" className="CaseStudy3_FoodDonar.Tests.FoodDonarControllerTests" name="GetAll_ReturnsAllDonars" />
    </UnitTest>
  </TestDefinitions>
  <TestEntries>
    <TestEntry testId="5bfc7a34-6c29-7276-60a3-9fd98fb6eb3c" executionId="63d098a7-16bb-4ff3-8a66-14fd6d53ed15" testListId="8c84fa94-04c1-424b-9868-57a2d4851a1d" />
    <TestEntry testId="00083a70-3401-907c-b22f-61b1b57f91b7" executionId="3ebc3da9-af96-4780-a8ac-48bf613246e5" testListId="8c84fa94-04c1-424b-9868-57a2d4851a1d" />
  </TestEntries>
  <TestLists>
    <TestList name="Results Not in a List" id="8c84fa94-04c1-424b-9868-57a2d4851a1d" />
    <TestList name="All Loaded Results" id="19431567-8539-422a-85d7-44ee4e166bda" />
  </TestLists>
  <ResultSummary outcome="Completed">
    <Counters total="2" executed="2" passed="2" failed="0" error="0" timeout="0" aborted="0" inconclusive="0" passedButRunAborted="0" notRunnable="0" notExecuted="0" disconnected="0" warning="0" completed="0" inProgress="0" pending="0" />
  </ResultSummary>
</TestRun>